<?xml version="1.0" encoding="UTF-8"?>
<testng-results ignored="0" total="1" passed="1" failed="0" skipped="0">
  <reporter-output>
  </reporter-output>
  <suite started-at="2021-03-23T22:19:38Z" name="Default suite" finished-at="2021-03-23T22:21:23Z" duration-ms="105120">
    <groups>
    </groups>
    <test started-at="2021-03-23T22:19:38Z" name="Default test" finished-at="2021-03-23T22:21:23Z" duration-ms="105120">
      <class name="testCases.FileUploadDemo2">
        <test-method is-config="true" signature="setup()[pri:0, instance:testCases.FileUploadDemo2@6d026701]" started-at="2021-03-23T22:19:38Z" name="setup" finished-at="2021-03-23T22:20:59Z" duration-ms="80888" status="PASS">
          <reporter-output>
          </reporter-output>
        </test-method> <!-- setup -->
        <test-method signature="robotTest()[pri:0, instance:testCases.FileUploadDemo2@6d026701]" started-at="2021-03-23T22:20:59Z" name="robotTest" finished-at="2021-03-23T22:21:09Z" duration-ms="9551" status="PASS">
          <reporter-output>
          </reporter-output>
        </test-method> <!-- robotTest -->
        <test-method is-config="true" signature="tearDown()[pri:0, instance:testCases.FileUploadDemo2@6d026701]" started-at="2021-03-23T22:21:09Z" name="tearDown" finished-at="2021-03-23T22:21:23Z" duration-ms="14369" status="PASS">
          <reporter-output>
          </reporter-output>
        </test-method> <!-- tearDown -->
      </class> <!-- testCases.FileUploadDemo2 -->
    </test> <!-- Default test -->
  </suite> <!-- Default suite -->
</testng-results>
